<?xml version="1.0" encoding="UTF-8"?>
<!-- Generated by org.testng.reporters.JUnitXMLReporter -->
<testsuite ignored="0" hostname="sonal" failures="0" tests="1" name="Test" time="0.05" errors="0" timestamp="2022-09-21T13:19:03 IST">
  <testcase classname="maven.TestNG" name="@BeforeTest launchbrowser" time="-1.663746543192E9">
    <failure type="org.testng.TestNGException" message="
Can inject only one of &amp;lt;ITestContext, XmlTest&amp;gt; into a @BeforeTest annotated launchbrowser.
For more information on native dependency injection please refer to https://testng.org/doc/documentation-main.html#native-dependency-injection">
      <![CDATA[org.testng.TestNGException: 
Can inject only one of <ITestContext, XmlTest> into a @BeforeTest annotated launchbrowser.
For more information on native dependency injection please refer to https://testng.org/doc/documentation-main.html#native-dependency-injection
... Removed 21 stack frames]]>
    </failure>
  </testcase> <!-- @BeforeTest launchbrowser -->
  <testcase classname="maven.TestNG" name="@BeforeClass createpomobjects" time="-1.663746543218E9">
    <skipped/>
  </testcase> <!-- @BeforeClass createpomobjects -->
  <testcase classname="maven.TestNG" name="@BeforeMethod openfacebook" time="-1.663746543229E9">
    <skipped/>
  </testcase> <!-- @BeforeMethod openfacebook -->
  <testcase classname="maven.TestNG" name="@AfterMethod logout" time="-1.663746543233E9">
    <skipped/>
  </testcase> <!-- @AfterMethod logout -->
  <testcase classname="maven.TestNG" name="@AfterClass nullobject" time="-1.663746543235E9">
    <skipped/>
  </testcase> <!-- @AfterClass nullobject -->
  <testcase classname="maven.TestNG" name="@AfterTest closebrowser" time="-1.663746543237E9">
    <skipped/>
  </testcase> <!-- @AfterTest closebrowser -->
  <testcase classname="maven.TestNG" name="verifygoback" time="0.0">
    <skipped/>
  </testcase> <!-- verifygoback -->
</testsuite> <!-- Test -->
